<?xml version="1.0" encoding="UTF-8"?>
<!-- Generated by org.testng.reporters.JUnitXMLReporter -->
<testsuite ignored="0" hostname="GUTHIKONDA" failures="1" tests="12" name="edgeTest" time="246.349" errors="0" timestamp="2025-02-17T22:54:45 IST">
  <testcase classname="testCases.TC01_LaunchApplication" name="testLaunchApplication" time="0.146"/>
  <testcase classname="testCases.TC06_PurchaseAGiftCertificate" name="testPurchaseAGiftCertificate" time="3.262"/>
  <testcase classname="testCases.TC03_AddToCart" name="testAddToCart" time="2.566"/>
  <testcase classname="testCases.TC02_Login" name="testLogin" time="3.292"/>
  <testcase classname="testCases.TC02_Login" name="testLogin" time="2.994"/>
  <testcase classname="testCases.TC02_Login" name="testLogin" time="3.846"/>
  <testcase classname="testCases.TC02_Login" name="testLogin" time="3.18"/>
  <testcase classname="testCases.TC02_Login" name="testLogin" time="2.933"/>
  <testcase classname="testCases.TC05_AddAnItemToWishList" name="testAddToWishList" time="1.998"/>
  <testcase classname="testCases.TC04_CompletePurchase" name="testCompletePurchase" time="62.79">
    <skipped/>
  </testcase> <!-- testCompletePurchase -->
  <testcase classname="testCases.TC04_CompletePurchase" name="testCompletePurchase" time="61.319">
    <skipped/>
  </testcase> <!-- testCompletePurchase -->
  <testcase classname="testCases.TC04_CompletePurchase" name="testCompletePurchase" time="61.116">
    <failure type="java.lang.AssertionError" message="Test encountered an unexpected error: element not interactable
  (Session info: MicrosoftEdge=133.0.3065.69)
Build info: version: &amp;apos;4.28.1&amp;apos;, revision: &amp;apos;73f5ad48a2&amp;apos;
System info: os.name: &amp;apos;Windows 11&amp;apos;, os.arch: &amp;apos;amd64&amp;apos;, os.version: &amp;apos;10.0&amp;apos;, java.version: &amp;apos;17.0.5&amp;apos;
Driver info: org.openqa.selenium.remote.RemoteWebDriver
Command: [92921a2d2f6e11a9f761f74f0911c49c, clickElement {id=f.A2E4C447D22D656F58E667E195B69BB2.d.1C207392FEFDCD65199EF2243AE5968E.e.131}]
Capabilities {acceptInsecureCerts: false, browserName: MicrosoftEdge, browserVersion: 133.0.3065.69, fedcm:accounts: true, ms:edgeOptions: {debuggerAddress: localhost:50891}, msedge: {msedgedriverVersion: 133.0.3065.69 (c3f010c11f3e..., userDataDir: C:\Users\prava\AppData\Loca...}, networkConnectionEnabled: false, pageLoadStrategy: normal, platformName: Windows 11, proxy: Proxy(), se:bidiEnabled: false, se:cdp: ws://192.168.1.105:4444/ses..., se:cdpVersion: 133.0.3065.69, setWindowRect: true, strictFileInteractability: false, timeouts: {implicit: 0, pageLoad: 300000, script: 30000}, unhandledPromptBehavior: dismiss and notify, webauthn:extension:credBlob: true, webauthn:extension:largeBlob: true, webauthn:extension:minPinLength: true, webauthn:extension:prf: true, webauthn:virtualAuthenticators: true}
Element: [[RemoteWebDriver: MicrosoftEdge on Windows 11 (92921a2d2f6e11a9f761f74f0911c49c)] -&amp;gt; xpath: //a[normalize-space()=&amp;apos;HP LP3065&amp;apos;]]
Session ID: 92921a2d2f6e11a9f761f74f0911c49c">
      <![CDATA[java.lang.AssertionError: Test encountered an unexpected error: element not interactable
  (Session info: MicrosoftEdge=133.0.3065.69)
Build info: version: '4.28.1', revision: '73f5ad48a2'
System info: os.name: 'Windows 11', os.arch: 'amd64', os.version: '10.0', java.version: '17.0.5'
Driver info: org.openqa.selenium.remote.RemoteWebDriver
Command: [92921a2d2f6e11a9f761f74f0911c49c, clickElement {id=f.A2E4C447D22D656F58E667E195B69BB2.d.1C207392FEFDCD65199EF2243AE5968E.e.131}]
Capabilities {acceptInsecureCerts: false, browserName: MicrosoftEdge, browserVersion: 133.0.3065.69, fedcm:accounts: true, ms:edgeOptions: {debuggerAddress: localhost:50891}, msedge: {msedgedriverVersion: 133.0.3065.69 (c3f010c11f3e..., userDataDir: C:\Users\prava\AppData\Loca...}, networkConnectionEnabled: false, pageLoadStrategy: normal, platformName: Windows 11, proxy: Proxy(), se:bidiEnabled: false, se:cdp: ws://192.168.1.105:4444/ses..., se:cdpVersion: 133.0.3065.69, setWindowRect: true, strictFileInteractability: false, timeouts: {implicit: 0, pageLoad: 300000, script: 30000}, unhandledPromptBehavior: dismiss and notify, webauthn:extension:credBlob: true, webauthn:extension:largeBlob: true, webauthn:extension:minPinLength: true, webauthn:extension:prf: true, webauthn:virtualAuthenticators: true}
Element: [[RemoteWebDriver: MicrosoftEdge on Windows 11 (92921a2d2f6e11a9f761f74f0911c49c)] -> xpath: //a[normalize-space()='HP LP3065']]
Session ID: 92921a2d2f6e11a9f761f74f0911c49c
at testCases.TC04_CompletePurchase.testCompletePurchase(TC04_CompletePurchase.java:72)
at java.base/java.util.ArrayList.forEach(ArrayList.java:1511)
at java.base/java.util.concurrent.FutureTask.run(FutureTask.java:264)
at java.base/java.util.concurrent.ThreadPoolExecutor.runWorker(ThreadPoolExecutor.java:1136)
at java.base/java.util.concurrent.ThreadPoolExecutor$Worker.run(ThreadPoolExecutor.java:635)
at java.base/java.lang.Thread.run(Thread.java:833)
... Removed 18 stack frames]]>
    </failure>
  </testcase> <!-- testCompletePurchase -->
</testsuite> <!-- edgeTest -->
